#! /opt/homebrew/Cellar/icarus-verilog/12.0/bin/vvp
:ivl_version "12.0 (stable)";
:ivl_delay_selection "TYPICAL";
:vpi_time_precision + 0;
:vpi_module "/opt/homebrew/Cellar/icarus-verilog/12.0/lib/ivl/system.vpi";
:vpi_module "/opt/homebrew/Cellar/icarus-verilog/12.0/lib/ivl/vhdl_sys.vpi";
:vpi_module "/opt/homebrew/Cellar/icarus-verilog/12.0/lib/ivl/vhdl_textio.vpi";
:vpi_module "/opt/homebrew/Cellar/icarus-verilog/12.0/lib/ivl/v2005_math.vpi";
:vpi_module "/opt/homebrew/Cellar/icarus-verilog/12.0/lib/ivl/va_math.vpi";
S_0x128e08c70 .scope module, "sfp_tb" "sfp_tb" 2 5;
 .timescale 0 0;
P_0x6000011ecf80 .param/l "bw" 0 2 7, +C4<00000000000000000000000000001000>;
P_0x6000011ecfc0 .param/l "psum_bw" 0 2 8, +C4<00000000000000000000000000010000>;
v0x600000dec6c0_0 .var "acc", 0 0;
v0x600000dec750_0 .var "clk", 0 0;
v0x600000dec7e0_0 .var/i "i", 31 0;
v0x600000dec870_0 .var "in", 7 0;
v0x600000dec900_0 .var/i "in_dec", 31 0;
v0x600000dec990_0 .var/i "in_file", 31 0;
v0x600000deca20_0 .var/i "in_scan_file", 31 0;
v0x600000decab0_0 .net "out", 15 0, L_0x6000014ed340;  1 drivers
v0x600000decb40_0 .var "relu", 0 0;
v0x600000decbd0_0 .var "reset", 0 0;
v0x600000decc60_0 .var "thres", 15 0;
v0x600000deccf0_0 .var/i "u", 31 0;
S_0x128e088a0 .scope function.vec4.s8, "dec2bin" "dec2bin" 2 26, 2 26 0, S_0x128e08c70;
 .timescale 0 0;
; Variable dec2bin is vec4 return value of scope S_0x128e088a0
v0x600000dec1b0_0 .var/i "weight", 31 0;
TD_sfp_tb.dec2bin ;
    %load/vec4 v0x600000dec1b0_0;
    %cmpi/s 4294967295, 0, 32;
    %flag_or 5, 4; GT is !LE
    %flag_inv 5;
    %jmp/0xz  T_0.0, 5;
    %pushi/vec4 0, 0, 1;
    %ix/load 4, 7, 0;
    %flag_set/imm 4, 0;
    %ret/vec4 0, 4, 1; Assign to dec2bin (store_vec4_to_lval)
    %jmp T_0.1;
T_0.0 ;
    %pushi/vec4 1, 0, 1;
    %ix/load 4, 7, 0;
    %flag_set/imm 4, 0;
    %ret/vec4 0, 4, 1; Assign to dec2bin (store_vec4_to_lval)
    %load/vec4 v0x600000dec1b0_0;
    %addi 128, 0, 32;
    %store/vec4 v0x600000dec1b0_0, 0, 32;
T_0.1 ;
    %pushi/vec4 6, 0, 32;
    %store/vec4 v0x600000deccf0_0, 0, 32;
T_0.2 ;
    %load/vec4 v0x600000deccf0_0;
    %cmpi/s 4294967295, 0, 32;
    %flag_or 5, 4; GT is !LE
    %flag_inv 5;
    %jmp/0xz T_0.3, 5;
    %pushi/vec4 2, 0, 32;
    %load/vec4 v0x600000deccf0_0;
    %pow/s;
    %subi 1, 0, 32;
    %load/vec4 v0x600000dec1b0_0;
    %cmp/s;
    %jmp/0xz  T_0.4, 5;
    %pushi/vec4 1, 0, 1;
    %ix/getv/s 4, v0x600000deccf0_0;
    %ret/vec4 0, 4, 1; Assign to dec2bin (store_vec4_to_lval)
    %load/vec4 v0x600000dec1b0_0;
    %pushi/vec4 2, 0, 32;
    %load/vec4 v0x600000deccf0_0;
    %pow/s;
    %sub;
    %store/vec4 v0x600000dec1b0_0, 0, 32;
    %jmp T_0.5;
T_0.4 ;
    %pushi/vec4 0, 0, 1;
    %ix/getv/s 4, v0x600000deccf0_0;
    %ret/vec4 0, 4, 1; Assign to dec2bin (store_vec4_to_lval)
T_0.5 ;
    %load/vec4 v0x600000deccf0_0;
    %subi 1, 0, 32;
    %store/vec4 v0x600000deccf0_0, 0, 32;
    %jmp T_0.2;
T_0.3 ;
    %end;
S_0x128e05640 .scope module, "sfp_instance" "sfp" 2 50, 3 3 0, S_0x128e08c70;
 .timescale 0 0;
    .port_info 0 /OUTPUT 16 "out";
    .port_info 1 /INPUT 8 "in";
    .port_info 2 /INPUT 16 "thres";
    .port_info 3 /INPUT 1 "acc";
    .port_info 4 /INPUT 1 "relu";
    .port_info 5 /INPUT 1 "clk";
    .port_info 6 /INPUT 1 "reset";
P_0x6000011ed000 .param/l "bw" 0 3 5, +C4<00000000000000000000000000001000>;
P_0x6000011ed040 .param/l "psum_bw" 0 3 6, +C4<00000000000000000000000000010000>;
L_0x6000014ed340 .functor BUFZ 16, v0x600000dec480_0, C4<0000000000000000>, C4<0000000000000000>, C4<0000000000000000>;
v0x600000dec240_0 .net "acc", 0 0, v0x600000dec6c0_0;  1 drivers
v0x600000dec2d0_0 .net "clk", 0 0, v0x600000dec750_0;  1 drivers
v0x600000dec360_0 .net/s "in", 7 0, v0x600000dec870_0;  1 drivers
v0x600000dec3f0_0 .net/s "out", 15 0, L_0x6000014ed340;  alias, 1 drivers
v0x600000dec480_0 .var/s "psum_q", 15 0;
v0x600000dec510_0 .net "relu", 0 0, v0x600000decb40_0;  1 drivers
v0x600000dec5a0_0 .net "reset", 0 0, v0x600000decbd0_0;  1 drivers
v0x600000dec630_0 .net/s "thres", 15 0, v0x600000decc60_0;  1 drivers
E_0x600002ae8080 .event posedge, v0x600000dec2d0_0;
    .scope S_0x128e05640;
T_1 ;
    %wait E_0x600002ae8080;
    %load/vec4 v0x600000dec5a0_0;
    %flag_set/vec4 8;
    %jmp/0xz  T_1.0, 8;
    %pushi/vec4 0, 0, 16;
    %assign/vec4 v0x600000dec480_0, 0;
    %jmp T_1.1;
T_1.0 ;
    %load/vec4 v0x600000dec240_0;
    %flag_set/vec4 8;
    %jmp/0xz  T_1.2, 8;
    %load/vec4 v0x600000dec480_0;
    %load/vec4 v0x600000dec360_0;
    %pad/s 16;
    %add;
    %assign/vec4 v0x600000dec480_0, 0;
    %jmp T_1.3;
T_1.2 ;
    %load/vec4 v0x600000dec510_0;
    %flag_set/vec4 9;
    %flag_get/vec4 9;
    %jmp/0 T_1.6, 9;
    %load/vec4 v0x600000dec480_0;
    %load/vec4 v0x600000dec630_0;
    %cmp/s;
    %flag_get/vec4 5;
    %and;
T_1.6;
    %flag_set/vec4 8;
    %jmp/0xz  T_1.4, 8;
    %pushi/vec4 0, 0, 16;
    %assign/vec4 v0x600000dec480_0, 0;
T_1.4 ;
T_1.3 ;
T_1.1 ;
    %jmp T_1;
    .thread T_1;
    .scope S_0x128e08c70;
T_2 ;
    %pushi/vec4 0, 0, 1;
    %store/vec4 v0x600000dec750_0, 0, 1;
    %end;
    .thread T_2;
    .scope S_0x128e08c70;
T_3 ;
    %vpi_func 2 62 "$fopen" 32, "in_data.txt", "r" {0 0 0};
    %store/vec4 v0x600000dec990_0, 0, 32;
    %vpi_call 2 64 "$dumpfile", "my_sfp_tb.vcd" {0 0 0};
    %vpi_call 2 65 "$dumpvars", 32'sb00000000000000000000000000000000, S_0x128e08c70 {0 0 0};
    %delay 1, 0;
    %pushi/vec4 0, 0, 1;
    %store/vec4 v0x600000dec750_0, 0, 1;
    %pushi/vec4 1, 0, 1;
    %store/vec4 v0x600000decbd0_0, 0, 1;
    %pushi/vec4 0, 0, 1;
    %store/vec4 v0x600000decb40_0, 0, 1;
    %pushi/vec4 0, 0, 1;
    %store/vec4 v0x600000dec6c0_0, 0, 1;
    %delay 1, 0;
    %pushi/vec4 1, 0, 1;
    %store/vec4 v0x600000dec750_0, 0, 1;
    %delay 1, 0;
    %pushi/vec4 0, 0, 1;
    %store/vec4 v0x600000dec750_0, 0, 1;
    %delay 1, 0;
    %pushi/vec4 1, 0, 1;
    %store/vec4 v0x600000dec750_0, 0, 1;
    %delay 1, 0;
    %pushi/vec4 0, 0, 1;
    %store/vec4 v0x600000dec750_0, 0, 1;
    %pushi/vec4 0, 0, 1;
    %store/vec4 v0x600000decbd0_0, 0, 1;
    %vpi_call 2 73 "$display", "-------------------- Computation start --------------------" {0 0 0};
    %pushi/vec4 0, 0, 32;
    %store/vec4 v0x600000dec7e0_0, 0, 32;
T_3.0 ;
    %load/vec4 v0x600000dec7e0_0;
    %cmpi/s 10, 0, 32;
    %jmp/0xz T_3.1, 5;
    %delay 1, 0;
    %pushi/vec4 1, 0, 1;
    %store/vec4 v0x600000dec750_0, 0, 1;
    %delay 1, 0;
    %pushi/vec4 0, 0, 1;
    %store/vec4 v0x600000dec750_0, 0, 1;
    %pushi/vec4 1, 0, 1;
    %store/vec4 v0x600000dec6c0_0, 0, 1;
    %pushi/vec4 64, 0, 16;
    %store/vec4 v0x600000decc60_0, 0, 16;
    %vpi_func 2 81 "$fscanf" 32, v0x600000dec990_0, "%d\012", v0x600000dec900_0 {0 0 0};
    %store/vec4 v0x600000deca20_0, 0, 32;
    %load/vec4 v0x600000dec900_0;
    %store/vec4 v0x600000dec1b0_0, 0, 32;
    %callf/vec4 TD_sfp_tb.dec2bin, S_0x128e088a0;
    %store/vec4 v0x600000dec870_0, 0, 8;
    %load/vec4 v0x600000dec7e0_0;
    %addi 1, 0, 32;
    %store/vec4 v0x600000dec7e0_0, 0, 32;
    %jmp T_3.0;
T_3.1 ;
    %delay 1, 0;
    %pushi/vec4 1, 0, 1;
    %store/vec4 v0x600000dec750_0, 0, 1;
    %delay 1, 0;
    %pushi/vec4 0, 0, 1;
    %store/vec4 v0x600000dec750_0, 0, 1;
    %pushi/vec4 0, 0, 1;
    %store/vec4 v0x600000dec6c0_0, 0, 1;
    %pushi/vec4 1, 0, 1;
    %store/vec4 v0x600000decb40_0, 0, 1;
    %delay 1, 0;
    %pushi/vec4 1, 0, 1;
    %store/vec4 v0x600000dec750_0, 0, 1;
    %delay 1, 0;
    %pushi/vec4 0, 0, 1;
    %store/vec4 v0x600000dec750_0, 0, 1;
    %vpi_call 2 91 "$display", "-------------------- Computation completed --------------------" {0 0 0};
    %delay 10, 0;
    %vpi_call 2 93 "$finish" {0 0 0};
    %end;
    .thread T_3;
# The file index is used to find the file name in the following table.
:file_names 4;
    "N/A";
    "<interactive>";
    "./verilog/sfp_tb.v";
    "./verilog/sfp.v";
